2026-01-26 16:38:49.167 [main] ERROR o.s.b.diagnostics.LoggingFailureAnalysisReporter - 

***************************
APPLICATION FAILED TO START
***************************

Description:

Failed to bind properties under 'logging.level.com.example' to org.springframework.boot.logging.LogLevel:

    Property: logging.level.com.example
    Value: "DEBUG  # ??????????DEBUG"
    Origin: class path resource [application.properties] - 13:27
    Reason: failed to convert java.lang.String to org.springframework.boot.logging.LogLevel (caused by java.lang.IllegalArgumentException: No enum constant org.springframework.boot.logging.LogLevel.DEBUG  # ??????????DEBUG)

Action:

Update your application's configuration. The following values are valid:

    DEBUG
    ERROR
    FATAL
    INFO
    OFF
    TRACE
    WARN

2026-01-26 16:41:51.986 [main] INFO  com.example.demo2.Demo2Application - Starting Demo2Application using Java 24.0.1 with PID 10552 (E:\JIMMY\github\Practice\Java\demo2\target\classes started by test in E:\JIMMY\github\Practice\Java\demo2)
2026-01-26 16:41:51.989 [main] DEBUG com.example.demo2.Demo2Application - Running with Spring Boot v4.0.1, Spring v7.0.2
2026-01-26 16:41:51.989 [main] INFO  com.example.demo2.Demo2Application - No active profile set, falling back to 1 default profile: "default"
2026-01-26 16:41:52.663 [main] WARN  o.s.b.w.s.s.c.AnnotationConfigServletWebServerApplicationContext - Exception encountered during context initialization - cancelling refresh attempt: org.springframework.context.ApplicationContextException: Unable to start web server
2026-01-26 16:41:52.670 [main] INFO  o.s.b.a.logging.ConditionEvaluationReportLogger - 

Error starting ApplicationContext. To display the condition evaluation report re-run your application with 'debug' enabled.
2026-01-26 16:41:52.688 [main] ERROR o.s.b.diagnostics.LoggingFailureAnalysisReporter - 

***************************
APPLICATION FAILED TO START
***************************

Description:

Failed to bind properties under 'server.port' to java.lang.Integer:

    Property: server.port
    Value: "8080  # ???"
    Origin: class path resource [application.properties] - 3:13
    Reason: failed to convert java.lang.String to java.lang.Integer (caused by java.lang.NumberFormatException: For input string: "8080#???")

Action:

Update your application's configuration

2026-01-26 16:42:50.274 [main] INFO  com.example.demo2.Demo2Application - Starting Demo2Application using Java 24.0.1 with PID 2784 (E:\JIMMY\github\Practice\Java\demo2\target\classes started by test in E:\JIMMY\github\Practice\Java\demo2)
2026-01-26 16:42:50.277 [main] DEBUG com.example.demo2.Demo2Application - Running with Spring Boot v4.0.1, Spring v7.0.2
2026-01-26 16:42:50.280 [main] INFO  com.example.demo2.Demo2Application - No active profile set, falling back to 1 default profile: "default"
2026-01-26 16:42:51.289 [main] INFO  org.springframework.boot.tomcat.TomcatWebServer - Tomcat initialized with port 8080 (http)
2026-01-26 16:42:51.302 [main] INFO  org.apache.coyote.http11.Http11NioProtocol - Initializing ProtocolHandler ["http-nio-8080"]
2026-01-26 16:42:51.304 [main] INFO  org.apache.catalina.core.StandardService - Starting service [Tomcat]
2026-01-26 16:42:51.304 [main] INFO  org.apache.catalina.core.StandardEngine - Starting Servlet engine: [Apache Tomcat/11.0.15]
2026-01-26 16:42:51.349 [main] INFO  o.s.b.w.c.servlet.WebApplicationContextInitializer - Root WebApplicationContext: initialization completed in 1012 ms
2026-01-26 16:42:51.729 [main] INFO  org.apache.coyote.http11.Http11NioProtocol - Starting ProtocolHandler ["http-nio-8080"]
2026-01-26 16:42:51.745 [main] INFO  org.springframework.boot.tomcat.TomcatWebServer - Tomcat started on port 8080 (http) with context path '/api'
2026-01-26 16:42:51.750 [main] INFO  com.example.demo2.Demo2Application - Started Demo2Application in 2.098 seconds (process running for 2.502)
2026-01-26 16:46:24.167 [SpringApplicationShutdownHook] INFO  org.springframework.boot.tomcat.GracefulShutdown - Commencing graceful shutdown. Waiting for active requests to complete
2026-01-26 16:46:24.172 [tomcat-shutdown] INFO  org.springframework.boot.tomcat.GracefulShutdown - Graceful shutdown complete
2026-01-26 17:01:28.491 [main] INFO  com.example.demo2.Demo2Application - Starting Demo2Application using Java 24.0.1 with PID 26404 (E:\JIMMY\github\Practice\Java\demo2\target\classes started by test in E:\JIMMY\github\Practice\Java\demo2)
2026-01-26 17:01:28.493 [main] DEBUG com.example.demo2.Demo2Application - Running with Spring Boot v4.0.1, Spring v7.0.2
2026-01-26 17:01:28.495 [main] INFO  com.example.demo2.Demo2Application - No active profile set, falling back to 1 default profile: "default"
2026-01-26 17:01:29.290 [main] INFO  org.springframework.boot.tomcat.TomcatWebServer - Tomcat initialized with port 8080 (http)
2026-01-26 17:01:29.300 [main] INFO  org.apache.coyote.http11.Http11NioProtocol - Initializing ProtocolHandler ["http-nio-8080"]
2026-01-26 17:01:29.305 [main] INFO  org.apache.catalina.core.StandardService - Starting service [Tomcat]
2026-01-26 17:01:29.305 [main] INFO  org.apache.catalina.core.StandardEngine - Starting Servlet engine: [Apache Tomcat/11.0.15]
2026-01-26 17:01:29.344 [main] INFO  o.s.b.w.c.servlet.WebApplicationContextInitializer - Root WebApplicationContext: initialization completed in 797 ms
2026-01-26 17:01:29.658 [main] INFO  org.apache.coyote.http11.Http11NioProtocol - Starting ProtocolHandler ["http-nio-8080"]
2026-01-26 17:01:29.672 [main] INFO  org.springframework.boot.tomcat.TomcatWebServer - Tomcat started on port 8080 (http) with context path '/api'
2026-01-26 17:01:29.675 [main] INFO  com.example.demo2.Demo2Application - Started Demo2Application in 1.808 seconds (process running for 2.206)
2026-01-26 17:02:17.577 [http-nio-8080-exec-1] INFO  o.a.c.c.ContainerBase.[Tomcat].[localhost].[/api] - Initializing Spring DispatcherServlet 'dispatcherServlet'
2026-01-26 17:02:17.577 [http-nio-8080-exec-1] INFO  org.springframework.web.servlet.DispatcherServlet - Initializing Servlet 'dispatcherServlet'
2026-01-26 17:02:17.581 [http-nio-8080-exec-1] INFO  org.springframework.web.servlet.DispatcherServlet - Completed initialization in 2 ms
2026-01-26 17:02:17.634 [http-nio-8080-exec-1] INFO  com.example.demo2.controller.UserController - 读取自定义配置：CustomConfig(name=JIMMY, version=1.0.0, author=JIMMY_author)
2026-01-26 17:41:41.688 [http-nio-8080-exec-5] DEBUG com.example.demo2.controller.UserController - 查询所有用户，共2条数据
2026-01-26 17:42:20.188 [http-nio-8080-exec-6] INFO  com.example.demo2.controller.UserController - 根据ID查询用户：1
2026-01-26 17:45:05.966 [http-nio-8080-exec-10] INFO  com.example.demo2.controller.UserController - 新增用户：User(id=3, username=username, age=1, email=email)
2026-01-26 17:45:17.267 [http-nio-8080-exec-2] DEBUG com.example.demo2.controller.UserController - 查询所有用户，共3条数据
2026-01-26 17:47:29.024 [http-nio-8080-exec-4] DEBUG com.example.demo2.controller.UserController - 查询所有用户，共3条数据
2026-01-26 17:47:30.792 [http-nio-8080-exec-5] INFO  com.example.demo2.controller.UserController - 根据ID查询用户：4
2026-01-26 17:47:32.682 [http-nio-8080-exec-6] INFO  com.example.demo2.controller.UserController - 根据ID查询用户：3
2026-01-26 17:47:36.943 [http-nio-8080-exec-7] DEBUG com.example.demo2.controller.UserController - 查询所有用户，共3条数据
2026-01-26 17:47:39.060 [http-nio-8080-exec-8] INFO  com.example.demo2.controller.UserController - 根据ID查询用户：4
2026-01-26 17:47:51.382 [http-nio-8080-exec-10] WARN  o.s.w.s.m.support.DefaultHandlerExceptionResolver - Resolved [org.springframework.web.bind.MissingRequestHeaderException: Required request header 'token' for method parameter type String is not present]
2026-01-26 17:48:30.027 [http-nio-8080-exec-1] INFO  com.example.demo2.controller.UserController - 获取请求头Token：123123
2026-01-26 17:49:04.773 [http-nio-8080-exec-3] INFO  com.example.demo2.controller.UserController - 查询条件：用户名=张三，年龄=0
2026-01-26 17:49:47.255 [http-nio-8080-exec-4] INFO  com.example.demo2.controller.UserController - 查询条件：用户名=null，年龄=0
2026-01-26 17:49:56.035 [http-nio-8080-exec-5] INFO  com.example.demo2.controller.UserController - 查询条件：用户名=null，年龄=20
2026-01-26 17:50:16.998 [http-nio-8080-exec-6] INFO  com.example.demo2.controller.UserController - 查询条件：用户名=张三，年龄=20
2026-01-26 17:50:19.161 [http-nio-8080-exec-9] INFO  com.example.demo2.controller.UserController - 查询条件：用户名=张三2，年龄=20
2026-01-26 17:50:23.297 [http-nio-8080-exec-7] INFO  com.example.demo2.controller.UserController - 查询条件：用户名=张三，年龄=20
2026-01-26 17:51:19.929 [main] INFO  com.example.demo2.controller.UserControllerTest - Starting UserControllerTest using Java 24.0.1 with PID 35704 (started by test in E:\JIMMY\github\Practice\Java\demo2)
2026-01-26 17:51:19.931 [main] DEBUG com.example.demo2.controller.UserControllerTest - Running with Spring Boot v4.0.1, Spring v7.0.2
2026-01-26 17:51:19.932 [main] INFO  com.example.demo2.controller.UserControllerTest - No active profile set, falling back to 1 default profile: "default"
2026-01-26 17:51:20.876 [main] INFO  o.s.b.test.mock.web.SpringBootMockServletContext - Initializing Spring TestDispatcherServlet ''
2026-01-26 17:51:20.878 [main] INFO  o.s.test.web.servlet.TestDispatcherServlet - Initializing Servlet ''
2026-01-26 17:51:20.880 [main] INFO  o.s.test.web.servlet.TestDispatcherServlet - Completed initialization in 2 ms
2026-01-26 17:51:20.912 [main] INFO  com.example.demo2.controller.UserControllerTest - Started UserControllerTest in 1.413 seconds (process running for 2.735)
2026-01-26 17:51:34.038 [main] INFO  com.example.demo2.controller.UserControllerTest - Starting UserControllerTest using Java 24.0.1 with PID 23356 (started by test in E:\JIMMY\github\Practice\Java\demo2)
2026-01-26 17:51:34.040 [main] DEBUG com.example.demo2.controller.UserControllerTest - Running with Spring Boot v4.0.1, Spring v7.0.2
2026-01-26 17:51:34.040 [main] INFO  com.example.demo2.controller.UserControllerTest - No active profile set, falling back to 1 default profile: "default"
2026-01-26 17:51:34.942 [main] INFO  o.s.b.test.mock.web.SpringBootMockServletContext - Initializing Spring TestDispatcherServlet ''
2026-01-26 17:51:34.944 [main] INFO  o.s.test.web.servlet.TestDispatcherServlet - Initializing Servlet ''
2026-01-26 17:51:34.945 [main] INFO  o.s.test.web.servlet.TestDispatcherServlet - Completed initialization in 1 ms
2026-01-26 17:51:34.974 [main] INFO  com.example.demo2.controller.UserControllerTest - Started UserControllerTest in 1.344 seconds (process running for 2.548)
2026-01-26 17:51:48.351 [main] INFO  com.example.demo2.controller.UserControllerTest - Starting UserControllerTest using Java 24.0.1 with PID 37556 (started by test in E:\JIMMY\github\Practice\Java\demo2)
2026-01-26 17:51:48.353 [main] DEBUG com.example.demo2.controller.UserControllerTest - Running with Spring Boot v4.0.1, Spring v7.0.2
2026-01-26 17:51:48.353 [main] INFO  com.example.demo2.controller.UserControllerTest - No active profile set, falling back to 1 default profile: "default"
2026-01-26 17:51:49.358 [main] INFO  o.s.b.test.mock.web.SpringBootMockServletContext - Initializing Spring TestDispatcherServlet ''
2026-01-26 17:51:49.358 [main] INFO  o.s.test.web.servlet.TestDispatcherServlet - Initializing Servlet ''
2026-01-26 17:51:49.362 [main] INFO  o.s.test.web.servlet.TestDispatcherServlet - Completed initialization in 4 ms
2026-01-26 17:51:49.393 [main] INFO  com.example.demo2.controller.UserControllerTest - Started UserControllerTest in 1.477 seconds (process running for 2.772)
2026-01-26 17:52:36.699 [main] INFO  com.example.demo2.controller.UserControllerTest - Starting UserControllerTest using Java 24.0.1 with PID 11008 (started by test in E:\JIMMY\github\Practice\Java\demo2)
2026-01-26 17:52:36.701 [main] DEBUG com.example.demo2.controller.UserControllerTest - Running with Spring Boot v4.0.1, Spring v7.0.2
2026-01-26 17:52:36.701 [main] INFO  com.example.demo2.controller.UserControllerTest - No active profile set, falling back to 1 default profile: "default"
2026-01-26 17:52:37.624 [main] INFO  o.s.b.test.mock.web.SpringBootMockServletContext - Initializing Spring TestDispatcherServlet ''
2026-01-26 17:52:37.624 [main] INFO  o.s.test.web.servlet.TestDispatcherServlet - Initializing Servlet ''
2026-01-26 17:52:37.626 [main] INFO  o.s.test.web.servlet.TestDispatcherServlet - Completed initialization in 2 ms
2026-01-26 17:52:37.653 [main] INFO  com.example.demo2.controller.UserControllerTest - Started UserControllerTest in 1.342 seconds (process running for 2.642)
2026-01-26 17:52:58.285 [http-nio-8080-exec-2] INFO  com.example.demo2.controller.UserController - 查询条件：用户名=张三，年龄=20
2026-01-26 17:52:59.355 [http-nio-8080-exec-1] INFO  com.example.demo2.controller.UserController - 查询条件：用户名=张三，年龄=20
2026-01-26 17:53:06.964 [SpringApplicationShutdownHook] INFO  org.springframework.boot.tomcat.GracefulShutdown - Commencing graceful shutdown. Waiting for active requests to complete
2026-01-26 17:53:06.968 [tomcat-shutdown] INFO  org.springframework.boot.tomcat.GracefulShutdown - Graceful shutdown complete
2026-01-26 17:53:20.323 [main] INFO  com.example.demo2.Demo2Application - Starting Demo2Application using Java 24.0.1 with PID 16868 (E:\JIMMY\github\Practice\Java\demo2\target\classes started by test in E:\JIMMY\github\Practice\Java\demo2)
2026-01-26 17:53:20.326 [main] DEBUG com.example.demo2.Demo2Application - Running with Spring Boot v4.0.1, Spring v7.0.2
2026-01-26 17:53:20.326 [main] INFO  com.example.demo2.Demo2Application - No active profile set, falling back to 1 default profile: "default"
2026-01-26 17:53:21.239 [main] INFO  org.springframework.boot.tomcat.TomcatWebServer - Tomcat initialized with port 8080 (http)
2026-01-26 17:53:21.250 [main] INFO  org.apache.coyote.http11.Http11NioProtocol - Initializing ProtocolHandler ["http-nio-8080"]
2026-01-26 17:53:21.252 [main] INFO  org.apache.catalina.core.StandardService - Starting service [Tomcat]
2026-01-26 17:53:21.252 [main] INFO  org.apache.catalina.core.StandardEngine - Starting Servlet engine: [Apache Tomcat/11.0.15]
2026-01-26 17:53:21.292 [main] INFO  o.s.b.w.c.servlet.WebApplicationContextInitializer - Root WebApplicationContext: initialization completed in 904 ms
2026-01-26 17:53:21.617 [main] INFO  org.apache.coyote.http11.Http11NioProtocol - Starting ProtocolHandler ["http-nio-8080"]
2026-01-26 17:53:21.632 [main] INFO  org.springframework.boot.tomcat.TomcatWebServer - Tomcat started on port 8080 (http) with context path '/api'
2026-01-26 17:53:21.635 [main] INFO  com.example.demo2.Demo2Application - Started Demo2Application in 1.898 seconds (process running for 2.307)
2026-01-26 17:53:31.758 [http-nio-8080-exec-1] INFO  o.a.c.c.ContainerBase.[Tomcat].[localhost].[/api] - Initializing Spring DispatcherServlet 'dispatcherServlet'
2026-01-26 17:53:31.758 [http-nio-8080-exec-1] INFO  org.springframework.web.servlet.DispatcherServlet - Initializing Servlet 'dispatcherServlet'
2026-01-26 17:53:31.759 [http-nio-8080-exec-1] INFO  org.springframework.web.servlet.DispatcherServlet - Completed initialization in 1 ms
2026-01-26 17:53:31.811 [http-nio-8080-exec-1] INFO  com.example.demo2.controller.UserController - 查询条件：用户名=张三，年龄=20
2026-01-26 18:29:17.865 [SpringApplicationShutdownHook] INFO  org.springframework.boot.tomcat.GracefulShutdown - Commencing graceful shutdown. Waiting for active requests to complete
2026-01-26 18:29:17.872 [tomcat-shutdown] INFO  org.springframework.boot.tomcat.GracefulShutdown - Graceful shutdown complete
2026-01-26 18:29:23.972 [main] INFO  com.example.demo2.Demo2Application - Starting Demo2Application using Java 24.0.1 with PID 35636 (E:\JIMMY\github\Practice\Java\demo2\target\classes started by test in E:\JIMMY\github\Practice\Java\demo2)
2026-01-26 18:29:23.975 [main] DEBUG com.example.demo2.Demo2Application - Running with Spring Boot v4.0.1, Spring v7.0.2
2026-01-26 18:29:23.975 [main] INFO  com.example.demo2.Demo2Application - No active profile set, falling back to 1 default profile: "default"
2026-01-26 18:29:25.256 [main] INFO  org.springframework.boot.tomcat.TomcatWebServer - Tomcat initialized with port 8080 (http)
2026-01-26 18:29:25.270 [main] INFO  org.apache.coyote.http11.Http11NioProtocol - Initializing ProtocolHandler ["http-nio-8080"]
2026-01-26 18:29:25.272 [main] INFO  org.apache.catalina.core.StandardService - Starting service [Tomcat]
2026-01-26 18:29:25.272 [main] INFO  org.apache.catalina.core.StandardEngine - Starting Servlet engine: [Apache Tomcat/11.0.15]
2026-01-26 18:29:25.324 [main] INFO  o.s.b.w.c.servlet.WebApplicationContextInitializer - Root WebApplicationContext: initialization completed in 1289 ms
2026-01-26 18:29:25.454 [main] WARN  o.s.b.w.s.s.c.AnnotationConfigServletWebServerApplicationContext - Exception encountered during context initialization - cancelling refresh attempt: org.springframework.beans.factory.UnsatisfiedDependencyException: Error creating bean with name 'userController': Unsatisfied dependency expressed through field 'userService': Error creating bean with name 'userServiceImpl': Unsatisfied dependency expressed through field 'baseMapper': No qualifying bean of type 'com.example.demo2.mapper.UserMapper' available: expected at least 1 bean which qualifies as autowire candidate. Dependency annotations: {@org.springframework.beans.factory.annotation.Autowired(required=true)}
2026-01-26 18:29:25.459 [main] INFO  org.apache.catalina.core.StandardService - Stopping service [Tomcat]
2026-01-26 18:29:25.584 [main] INFO  o.s.b.a.logging.ConditionEvaluationReportLogger - 

Error starting ApplicationContext. To display the condition evaluation report re-run your application with 'debug' enabled.
2026-01-26 18:29:25.599 [main] ERROR org.springframework.boot.SpringApplication - Application run failed
org.springframework.beans.factory.UnsatisfiedDependencyException: Error creating bean with name 'userController': Unsatisfied dependency expressed through field 'userService': Error creating bean with name 'userServiceImpl': Unsatisfied dependency expressed through field 'baseMapper': No qualifying bean of type 'com.example.demo2.mapper.UserMapper' available: expected at least 1 bean which qualifies as autowire candidate. Dependency annotations: {@org.springframework.beans.factory.annotation.Autowired(required=true)}
	at org.springframework.beans.factory.annotation.AutowiredAnnotationBeanPostProcessor$AutowiredFieldElement.resolveFieldValue(AutowiredAnnotationBeanPostProcessor.java:766)
	at org.springframework.beans.factory.annotation.AutowiredAnnotationBeanPostProcessor$AutowiredFieldElement.inject(AutowiredAnnotationBeanPostProcessor.java:747)
	at org.springframework.beans.factory.annotation.InjectionMetadata.inject(InjectionMetadata.java:146)
	at org.springframework.beans.factory.annotation.AutowiredAnnotationBeanPostProcessor.postProcessProperties(AutowiredAnnotationBeanPostProcessor.java:492)
	at org.springframework.beans.factory.support.AbstractAutowireCapableBeanFactory.populateBean(AbstractAutowireCapableBeanFactory.java:1446)
	at org.springframework.beans.factory.support.AbstractAutowireCapableBeanFactory.doCreateBean(AbstractAutowireCapableBeanFactory.java:602)
	at org.springframework.beans.factory.support.AbstractAutowireCapableBeanFactory.createBean(AbstractAutowireCapableBeanFactory.java:525)
	at org.springframework.beans.factory.support.AbstractBeanFactory.lambda$doGetBean$0(AbstractBeanFactory.java:333)
	at org.springframework.beans.factory.support.DefaultSingletonBeanRegistry.getSingleton(DefaultSingletonBeanRegistry.java:371)
	at org.springframework.beans.factory.support.AbstractBeanFactory.doGetBean(AbstractBeanFactory.java:331)
	at org.springframework.beans.factory.support.AbstractBeanFactory.getBean(AbstractBeanFactory.java:196)
	at org.springframework.beans.factory.support.DefaultListableBeanFactory.instantiateSingleton(DefaultListableBeanFactory.java:1218)
	at org.springframework.beans.factory.support.DefaultListableBeanFactory.preInstantiateSingleton(DefaultListableBeanFactory.java:1184)
	at org.springframework.beans.factory.support.DefaultListableBeanFactory.preInstantiateSingletons(DefaultListableBeanFactory.java:1121)
	at org.springframework.context.support.AbstractApplicationContext.finishBeanFactoryInitialization(AbstractApplicationContext.java:993)
	at org.springframework.context.support.AbstractApplicationContext.refresh(AbstractApplicationContext.java:620)
	at org.springframework.boot.web.server.servlet.context.ServletWebServerApplicationContext.refresh(ServletWebServerApplicationContext.java:143)
	at org.springframework.boot.SpringApplication.refresh(SpringApplication.java:756)
	at org.springframework.boot.SpringApplication.refreshContext(SpringApplication.java:445)
	at org.springframework.boot.SpringApplication.run(SpringApplication.java:321)
	at org.springframework.boot.SpringApplication.run(SpringApplication.java:1365)
	at org.springframework.boot.SpringApplication.run(SpringApplication.java:1354)
	at com.example.demo2.Demo2Application.main(Demo2Application.java:12)
Caused by: org.springframework.beans.factory.UnsatisfiedDependencyException: Error creating bean with name 'userServiceImpl': Unsatisfied dependency expressed through field 'baseMapper': No qualifying bean of type 'com.example.demo2.mapper.UserMapper' available: expected at least 1 bean which qualifies as autowire candidate. Dependency annotations: {@org.springframework.beans.factory.annotation.Autowired(required=true)}
	at org.springframework.beans.factory.annotation.AutowiredAnnotationBeanPostProcessor$AutowiredFieldElement.resolveFieldValue(AutowiredAnnotationBeanPostProcessor.java:766)
	at org.springframework.beans.factory.annotation.AutowiredAnnotationBeanPostProcessor$AutowiredFieldElement.inject(AutowiredAnnotationBeanPostProcessor.java:747)
	at org.springframework.beans.factory.annotation.InjectionMetadata.inject(InjectionMetadata.java:146)
	at org.springframework.beans.factory.annotation.AutowiredAnnotationBeanPostProcessor.postProcessProperties(AutowiredAnnotationBeanPostProcessor.java:492)
	at org.springframework.beans.factory.support.AbstractAutowireCapableBeanFactory.populateBean(AbstractAutowireCapableBeanFactory.java:1446)
	at org.springframework.beans.factory.support.AbstractAutowireCapableBeanFactory.doCreateBean(AbstractAutowireCapableBeanFactory.java:602)
	at org.springframework.beans.factory.support.AbstractAutowireCapableBeanFactory.createBean(AbstractAutowireCapableBeanFactory.java:525)
	at org.springframework.beans.factory.support.AbstractBeanFactory.lambda$doGetBean$0(AbstractBeanFactory.java:333)
	at org.springframework.beans.factory.support.DefaultSingletonBeanRegistry.getSingleton(DefaultSingletonBeanRegistry.java:371)
	at org.springframework.beans.factory.support.AbstractBeanFactory.doGetBean(AbstractBeanFactory.java:331)
	at org.springframework.beans.factory.support.AbstractBeanFactory.getBean(AbstractBeanFactory.java:201)
	at org.springframework.beans.factory.config.DependencyDescriptor.resolveCandidate(DependencyDescriptor.java:229)
	at org.springframework.beans.factory.support.DefaultListableBeanFactory.doResolveDependency(DefaultListableBeanFactory.java:1762)
	at org.springframework.beans.factory.support.DefaultListableBeanFactory.resolveDependency(DefaultListableBeanFactory.java:1651)
	at org.springframework.beans.factory.annotation.AutowiredAnnotationBeanPostProcessor$AutowiredFieldElement.resolveFieldValue(AutowiredAnnotationBeanPostProcessor.java:763)
	... 22 common frames omitted
Caused by: org.springframework.beans.factory.NoSuchBeanDefinitionException: No qualifying bean of type 'com.example.demo2.mapper.UserMapper' available: expected at least 1 bean which qualifies as autowire candidate. Dependency annotations: {@org.springframework.beans.factory.annotation.Autowired(required=true)}
	at org.springframework.beans.factory.support.DefaultListableBeanFactory.raiseNoMatchingBeanFound(DefaultListableBeanFactory.java:2297)
	at org.springframework.beans.factory.support.DefaultListableBeanFactory.doResolveDependency(DefaultListableBeanFactory.java:1725)
	at org.springframework.beans.factory.support.DefaultListableBeanFactory.resolveDependency(DefaultListableBeanFactory.java:1651)
	at org.springframework.beans.factory.annotation.AutowiredAnnotationBeanPostProcessor$AutowiredFieldElement.resolveFieldValue(AutowiredAnnotationBeanPostProcessor.java:763)
	... 36 common frames omitted
2026-01-26 18:33:45.457 [main] INFO  com.example.demo2.Demo2Application - Starting Demo2Application using Java 24.0.1 with PID 37076 (E:\JIMMY\github\Practice\Java\demo2\target\classes started by test in E:\JIMMY\github\Practice\Java\demo2)
2026-01-26 18:33:45.460 [main] DEBUG com.example.demo2.Demo2Application - Running with Spring Boot v4.0.1, Spring v7.0.2
2026-01-26 18:33:45.462 [main] INFO  com.example.demo2.Demo2Application - No active profile set, falling back to 1 default profile: "default"
2026-01-26 18:33:46.682 [main] INFO  org.springframework.boot.tomcat.TomcatWebServer - Tomcat initialized with port 8080 (http)
2026-01-26 18:33:46.695 [main] INFO  org.apache.coyote.http11.Http11NioProtocol - Initializing ProtocolHandler ["http-nio-8080"]
2026-01-26 18:33:46.697 [main] INFO  org.apache.catalina.core.StandardService - Starting service [Tomcat]
2026-01-26 18:33:46.697 [main] INFO  org.apache.catalina.core.StandardEngine - Starting Servlet engine: [Apache Tomcat/11.0.15]
2026-01-26 18:33:46.744 [main] INFO  o.s.b.w.c.servlet.WebApplicationContextInitializer - Root WebApplicationContext: initialization completed in 1215 ms
2026-01-26 18:33:46.864 [main] WARN  o.s.b.w.s.s.c.AnnotationConfigServletWebServerApplicationContext - Exception encountered during context initialization - cancelling refresh attempt: org.springframework.beans.factory.UnsatisfiedDependencyException: Error creating bean with name 'userController': Unsatisfied dependency expressed through field 'userService': Error creating bean with name 'userServiceImpl': Unsatisfied dependency expressed through field 'baseMapper': No qualifying bean of type 'com.example.demo2.mapper.UserMapper' available: expected at least 1 bean which qualifies as autowire candidate. Dependency annotations: {@org.springframework.beans.factory.annotation.Autowired(required=true)}
2026-01-26 18:33:46.867 [main] INFO  org.apache.catalina.core.StandardService - Stopping service [Tomcat]
2026-01-26 18:33:46.982 [main] INFO  o.s.b.a.logging.ConditionEvaluationReportLogger - 

Error starting ApplicationContext. To display the condition evaluation report re-run your application with 'debug' enabled.
2026-01-26 18:33:47.005 [main] ERROR org.springframework.boot.SpringApplication - Application run failed
org.springframework.beans.factory.UnsatisfiedDependencyException: Error creating bean with name 'userController': Unsatisfied dependency expressed through field 'userService': Error creating bean with name 'userServiceImpl': Unsatisfied dependency expressed through field 'baseMapper': No qualifying bean of type 'com.example.demo2.mapper.UserMapper' available: expected at least 1 bean which qualifies as autowire candidate. Dependency annotations: {@org.springframework.beans.factory.annotation.Autowired(required=true)}
	at org.springframework.beans.factory.annotation.AutowiredAnnotationBeanPostProcessor$AutowiredFieldElement.resolveFieldValue(AutowiredAnnotationBeanPostProcessor.java:766)
	at org.springframework.beans.factory.annotation.AutowiredAnnotationBeanPostProcessor$AutowiredFieldElement.inject(AutowiredAnnotationBeanPostProcessor.java:747)
	at org.springframework.beans.factory.annotation.InjectionMetadata.inject(InjectionMetadata.java:146)
	at org.springframework.beans.factory.annotation.AutowiredAnnotationBeanPostProcessor.postProcessProperties(AutowiredAnnotationBeanPostProcessor.java:492)
	at org.springframework.beans.factory.support.AbstractAutowireCapableBeanFactory.populateBean(AbstractAutowireCapableBeanFactory.java:1446)
	at org.springframework.beans.factory.support.AbstractAutowireCapableBeanFactory.doCreateBean(AbstractAutowireCapableBeanFactory.java:602)
	at org.springframework.beans.factory.support.AbstractAutowireCapableBeanFactory.createBean(AbstractAutowireCapableBeanFactory.java:525)
	at org.springframework.beans.factory.support.AbstractBeanFactory.lambda$doGetBean$0(AbstractBeanFactory.java:333)
	at org.springframework.beans.factory.support.DefaultSingletonBeanRegistry.getSingleton(DefaultSingletonBeanRegistry.java:371)
	at org.springframework.beans.factory.support.AbstractBeanFactory.doGetBean(AbstractBeanFactory.java:331)
	at org.springframework.beans.factory.support.AbstractBeanFactory.getBean(AbstractBeanFactory.java:196)
	at org.springframework.beans.factory.support.DefaultListableBeanFactory.instantiateSingleton(DefaultListableBeanFactory.java:1218)
	at org.springframework.beans.factory.support.DefaultListableBeanFactory.preInstantiateSingleton(DefaultListableBeanFactory.java:1184)
	at org.springframework.beans.factory.support.DefaultListableBeanFactory.preInstantiateSingletons(DefaultListableBeanFactory.java:1121)
	at org.springframework.context.support.AbstractApplicationContext.finishBeanFactoryInitialization(AbstractApplicationContext.java:993)
	at org.springframework.context.support.AbstractApplicationContext.refresh(AbstractApplicationContext.java:620)
	at org.springframework.boot.web.server.servlet.context.ServletWebServerApplicationContext.refresh(ServletWebServerApplicationContext.java:143)
	at org.springframework.boot.SpringApplication.refresh(SpringApplication.java:756)
	at org.springframework.boot.SpringApplication.refreshContext(SpringApplication.java:445)
	at org.springframework.boot.SpringApplication.run(SpringApplication.java:321)
	at org.springframework.boot.SpringApplication.run(SpringApplication.java:1365)
	at org.springframework.boot.SpringApplication.run(SpringApplication.java:1354)
	at com.example.demo2.Demo2Application.main(Demo2Application.java:12)
Caused by: org.springframework.beans.factory.UnsatisfiedDependencyException: Error creating bean with name 'userServiceImpl': Unsatisfied dependency expressed through field 'baseMapper': No qualifying bean of type 'com.example.demo2.mapper.UserMapper' available: expected at least 1 bean which qualifies as autowire candidate. Dependency annotations: {@org.springframework.beans.factory.annotation.Autowired(required=true)}
	at org.springframework.beans.factory.annotation.AutowiredAnnotationBeanPostProcessor$AutowiredFieldElement.resolveFieldValue(AutowiredAnnotationBeanPostProcessor.java:766)
	at org.springframework.beans.factory.annotation.AutowiredAnnotationBeanPostProcessor$AutowiredFieldElement.inject(AutowiredAnnotationBeanPostProcessor.java:747)
	at org.springframework.beans.factory.annotation.InjectionMetadata.inject(InjectionMetadata.java:146)
	at org.springframework.beans.factory.annotation.AutowiredAnnotationBeanPostProcessor.postProcessProperties(AutowiredAnnotationBeanPostProcessor.java:492)
	at org.springframework.beans.factory.support.AbstractAutowireCapableBeanFactory.populateBean(AbstractAutowireCapableBeanFactory.java:1446)
	at org.springframework.beans.factory.support.AbstractAutowireCapableBeanFactory.doCreateBean(AbstractAutowireCapableBeanFactory.java:602)
	at org.springframework.beans.factory.support.AbstractAutowireCapableBeanFactory.createBean(AbstractAutowireCapableBeanFactory.java:525)
	at org.springframework.beans.factory.support.AbstractBeanFactory.lambda$doGetBean$0(AbstractBeanFactory.java:333)
	at org.springframework.beans.factory.support.DefaultSingletonBeanRegistry.getSingleton(DefaultSingletonBeanRegistry.java:371)
	at org.springframework.beans.factory.support.AbstractBeanFactory.doGetBean(AbstractBeanFactory.java:331)
	at org.springframework.beans.factory.support.AbstractBeanFactory.getBean(AbstractBeanFactory.java:201)
	at org.springframework.beans.factory.config.DependencyDescriptor.resolveCandidate(DependencyDescriptor.java:229)
	at org.springframework.beans.factory.support.DefaultListableBeanFactory.doResolveDependency(DefaultListableBeanFactory.java:1762)
	at org.springframework.beans.factory.support.DefaultListableBeanFactory.resolveDependency(DefaultListableBeanFactory.java:1651)
	at org.springframework.beans.factory.annotation.AutowiredAnnotationBeanPostProcessor$AutowiredFieldElement.resolveFieldValue(AutowiredAnnotationBeanPostProcessor.java:763)
	... 22 common frames omitted
Caused by: org.springframework.beans.factory.NoSuchBeanDefinitionException: No qualifying bean of type 'com.example.demo2.mapper.UserMapper' available: expected at least 1 bean which qualifies as autowire candidate. Dependency annotations: {@org.springframework.beans.factory.annotation.Autowired(required=true)}
	at org.springframework.beans.factory.support.DefaultListableBeanFactory.raiseNoMatchingBeanFound(DefaultListableBeanFactory.java:2297)
	at org.springframework.beans.factory.support.DefaultListableBeanFactory.doResolveDependency(DefaultListableBeanFactory.java:1725)
	at org.springframework.beans.factory.support.DefaultListableBeanFactory.resolveDependency(DefaultListableBeanFactory.java:1651)
	at org.springframework.beans.factory.annotation.AutowiredAnnotationBeanPostProcessor$AutowiredFieldElement.resolveFieldValue(AutowiredAnnotationBeanPostProcessor.java:763)
	... 36 common frames omitted
